28-07-2020 23:15:13	This log contains information about the import schema operation into project 'PriceDatabase' on computer 'LAPTOP-SO8773KH' by user 'acer pc'.
28-07-2020 23:15:14	Import of database schema has started.
28-07-2020 23:15:22	Gathering database credentials
28-07-2020 23:15:22	Gathering database options
28-07-2020 23:15:22	Gathering generic database scoped configuration option
28-07-2020 23:15:22	Gathering users
28-07-2020 23:15:22	Gathering roles
28-07-2020 23:15:22	Gathering application roles
28-07-2020 23:15:22	Gathering role memberships
28-07-2020 23:15:22	Gathering filegroups
28-07-2020 23:15:22	Gathering full-text catalogs
28-07-2020 23:15:22	Gathering assemblies
28-07-2020 23:15:22	Gathering certificates
28-07-2020 23:15:22	Gathering asymmetric keys
28-07-2020 23:15:22	Gathering symmetric keys
28-07-2020 23:15:22	Gathering encrypted symmetric keys
28-07-2020 23:15:22	Gathering schemas
28-07-2020 23:15:22	Gathering XML schema collections
28-07-2020 23:15:22	Gathering user-defined data types
28-07-2020 23:15:22	Gathering user-defined types
28-07-2020 23:15:22	Gathering table types
28-07-2020 23:15:22	Gathering unique keys for table types
28-07-2020 23:15:22	Gathering primary keys for table types
28-07-2020 23:15:22	Gathering indexes for table types
28-07-2020 23:15:22	Gathering check constraints for table types
28-07-2020 23:15:22	Gathering default constraints for table types
28-07-2020 23:15:22	Gathering partition functions
28-07-2020 23:15:22	Gathering partition schemes
28-07-2020 23:15:24	Gathering functions
28-07-2020 23:15:24	Gathering encrypted functions
28-07-2020 23:15:24	Gathering aggregates
28-07-2020 23:15:24	Gathering procedures
28-07-2020 23:15:24	Gathering encrypted procedures
28-07-2020 23:15:24	Gathering tables
28-07-2020 23:15:24	Gathering primary keys
28-07-2020 23:15:24	Gathering unique constraints
28-07-2020 23:15:24	Gathering foreign keys
28-07-2020 23:15:24	Gathering default constraints
28-07-2020 23:15:24	Gathering check constraints
28-07-2020 23:15:24	Gathering views
28-07-2020 23:15:24	Gathering encrypted views
28-07-2020 23:15:24	Gathering indexes
28-07-2020 23:15:24	Gathering statistics
28-07-2020 23:15:24	Gathering full-text index stoplists
28-07-2020 23:15:24	Gathering search property lists
28-07-2020 23:15:24	Gathering search properties
28-07-2020 23:15:24	Gathering full-text indexes
28-07-2020 23:15:24	Gathering column store indexes
28-07-2020 23:15:24	Gathering spatial indexes
28-07-2020 23:15:24	Gathering XML indexes
28-07-2020 23:15:24	Gathering Selective XML indexes
28-07-2020 23:15:24	Gathering encrypted triggers
28-07-2020 23:15:24	Gathering triggers
28-07-2020 23:15:24	Gathering encrypted and clr ddl triggers
28-07-2020 23:15:24	Gathering ddl triggers
28-07-2020 23:15:24	Gathering synonyms
28-07-2020 23:15:24	Gathering defaults
28-07-2020 23:15:24	Gathering data constraint uddt bindings
28-07-2020 23:15:24	Gathering rules
28-07-2020 23:15:24	Gathering data constraint uddt bindings
28-07-2020 23:15:24	Gathering message types
28-07-2020 23:15:24	Gathering queues
28-07-2020 23:15:24	Gathering contracts
28-07-2020 23:15:24	Gathering services
28-07-2020 23:15:24	Gathering event notifications
28-07-2020 23:15:24	Gathering remote service bindings
28-07-2020 23:15:24	Gathering broker priorities
28-07-2020 23:15:24	Gathering signatures
28-07-2020 23:15:24	Gathering data compression options
28-07-2020 23:15:24	Gathering sequence types
28-07-2020 23:15:25	Gathering security policies
28-07-2020 23:15:25	Gather column encryption keys
28-07-2020 23:15:25	Gathering column master keys
28-07-2020 23:15:25	Gathering external data sources
28-07-2020 23:15:25	Gathering external file formats
28-07-2020 23:15:25	Gathering external tables
28-07-2020 23:15:25	Gathering extended properties
28-07-2020 23:15:25	Gathering credentials
28-07-2020 23:15:25	Gathering logins
28-07-2020 23:15:25	Gathering server audits
28-07-2020 23:15:28	Scanning project for duplicate elements
28-07-2020 23:15:29	Finished duplicate element processing
28-07-2020 23:15:29	Finished importing database.
28-07-2020 23:15:29	A summary of the import was saved to the following location: E:\Blogging\Projects\PriceDatabase\Import Schema Logs\PriceDatabase_20200728054513.log
28-07-2020 23:15:29	Click Finish to continue...
