28-07-2020 23:13:18	This log contains information about the import schema operation into project 'OnPremiseProductDatabase' on computer 'LAPTOP-SO8773KH' by user 'acer pc'.
28-07-2020 23:13:18	Import of database schema has started.
28-07-2020 23:13:26	Gathering database credentials
28-07-2020 23:13:26	Gathering database options
28-07-2020 23:13:26	Gathering generic database scoped configuration option
28-07-2020 23:13:26	Gathering users
28-07-2020 23:13:26	Gathering roles
28-07-2020 23:13:26	Gathering application roles
28-07-2020 23:13:26	Gathering role memberships
28-07-2020 23:13:26	Gathering filegroups
28-07-2020 23:13:26	Gathering full-text catalogs
28-07-2020 23:13:26	Gathering assemblies
28-07-2020 23:13:26	Gathering certificates
28-07-2020 23:13:26	Gathering asymmetric keys
28-07-2020 23:13:26	Gathering symmetric keys
28-07-2020 23:13:26	Gathering encrypted symmetric keys
28-07-2020 23:13:26	Gathering schemas
28-07-2020 23:13:26	Gathering XML schema collections
28-07-2020 23:13:26	Gathering user-defined data types
28-07-2020 23:13:26	Gathering user-defined types
28-07-2020 23:13:26	Gathering table types
28-07-2020 23:13:26	Gathering unique keys for table types
28-07-2020 23:13:26	Gathering primary keys for table types
28-07-2020 23:13:27	Gathering indexes for table types
28-07-2020 23:13:27	Gathering check constraints for table types
28-07-2020 23:13:27	Gathering default constraints for table types
28-07-2020 23:13:27	Gathering partition functions
28-07-2020 23:13:27	Gathering partition schemes
28-07-2020 23:13:31	Gathering functions
28-07-2020 23:13:31	Gathering encrypted functions
28-07-2020 23:13:31	Gathering aggregates
28-07-2020 23:13:31	Gathering procedures
28-07-2020 23:13:32	Gathering encrypted procedures
28-07-2020 23:13:32	Gathering tables
28-07-2020 23:13:32	Gathering primary keys
28-07-2020 23:13:32	Gathering unique constraints
28-07-2020 23:13:32	Gathering foreign keys
28-07-2020 23:13:32	Gathering default constraints
28-07-2020 23:13:32	Gathering check constraints
28-07-2020 23:13:32	Gathering views
28-07-2020 23:13:32	Gathering encrypted views
28-07-2020 23:13:32	Gathering indexes
28-07-2020 23:13:32	Gathering statistics
28-07-2020 23:13:32	Gathering full-text index stoplists
28-07-2020 23:13:32	Gathering search property lists
28-07-2020 23:13:32	Gathering search properties
28-07-2020 23:13:32	Gathering full-text indexes
28-07-2020 23:13:32	Gathering column store indexes
28-07-2020 23:13:32	Gathering spatial indexes
28-07-2020 23:13:32	Gathering XML indexes
28-07-2020 23:13:32	Gathering Selective XML indexes
28-07-2020 23:13:32	Gathering encrypted triggers
28-07-2020 23:13:32	Gathering triggers
28-07-2020 23:13:32	Gathering encrypted and clr ddl triggers
28-07-2020 23:13:32	Gathering ddl triggers
28-07-2020 23:13:32	Gathering synonyms
28-07-2020 23:13:32	Gathering defaults
28-07-2020 23:13:32	Gathering data constraint uddt bindings
28-07-2020 23:13:32	Gathering rules
28-07-2020 23:13:32	Gathering data constraint uddt bindings
28-07-2020 23:13:32	Gathering message types
28-07-2020 23:13:32	Gathering queues
28-07-2020 23:13:32	Gathering contracts
28-07-2020 23:13:32	Gathering services
28-07-2020 23:13:33	Gathering event notifications
28-07-2020 23:13:33	Gathering remote service bindings
28-07-2020 23:13:33	Gathering broker priorities
28-07-2020 23:13:33	Gathering signatures
28-07-2020 23:13:33	Gathering data compression options
28-07-2020 23:13:33	Gathering sequence types
28-07-2020 23:13:33	Gathering security policies
28-07-2020 23:13:33	Gather column encryption keys
28-07-2020 23:13:33	Gathering column master keys
28-07-2020 23:13:33	Gathering external data sources
28-07-2020 23:13:33	Gathering external file formats
28-07-2020 23:13:33	Gathering external tables
28-07-2020 23:13:33	Gathering extended properties
28-07-2020 23:13:33	Gathering credentials
28-07-2020 23:13:33	Gathering logins
28-07-2020 23:13:33	Gathering server audits
28-07-2020 23:13:37	Scanning project for duplicate elements
28-07-2020 23:13:37	Finished duplicate element processing
28-07-2020 23:13:39	Finished importing database.
28-07-2020 23:13:39	A summary of the import was saved to the following location: E:\Blogging\Projects\OnPremiseProductDatabase\Import Schema Logs\OnPremiseProductData_20200728054318.log
28-07-2020 23:13:39	Click Finish to continue...
